<?xml version="1.0" encoding="UTF-8"?>
<testng-results skipped="0" failed="0" ignored="0" total="1" passed="1">
  <reporter-output>
  </reporter-output>
  <suite name="Suite" duration-ms="47" started-at="2018-07-24T06:05:01Z" finished-at="2018-07-24T06:05:01Z">
    <groups>
    </groups>
    <test name="Test" duration-ms="47" started-at="2018-07-24T06:05:01Z" finished-at="2018-07-24T06:05:01Z">
      <class name="com.imaginea.selenium.mavenproject.TC_01">
        <test-method status="PASS" signature="beforeMethod()[pri:0, instance:com.imaginea.selenium.mavenproject.TC_01@120ebad]" name="beforeMethod" is-config="true" duration-ms="6" started-at="2018-07-24T06:05:01Z" finished-at="2018-07-24T06:05:01Z">
          <reporter-output>
          </reporter-output>
        </test-method> <!-- beforeMethod -->
        <test-method status="PASS" signature="f()[pri:0, instance:com.imaginea.selenium.mavenproject.TC_01@120ebad]" name="f" duration-ms="3" started-at="2018-07-24T06:05:01Z" finished-at="2018-07-24T06:05:01Z">
          <reporter-output>
          </reporter-output>
        </test-method> <!-- f -->
        <test-method status="PASS" signature="afterMethod()[pri:0, instance:com.imaginea.selenium.mavenproject.TC_01@120ebad]" name="afterMethod" is-config="true" duration-ms="0" started-at="2018-07-24T06:05:01Z" finished-at="2018-07-24T06:05:01Z">
          <reporter-output>
          </reporter-output>
        </test-method> <!-- afterMethod -->
      </class> <!-- com.imaginea.selenium.mavenproject.TC_01 -->
    </test> <!-- Test -->
  </suite> <!-- Suite -->
</testng-results>
