<?xml version="1.0" encoding="UTF-8"?>
<testng-results skipped="0" failed="0" total="1" passed="1">
  <reporter-output>
  </reporter-output>
  <suite name="Suite" duration-ms="16970" started-at="2018-07-25T02:44:22Z" finished-at="2018-07-25T02:44:39Z">
    <groups>
    </groups>
    <test name="Test" duration-ms="16970" started-at="2018-07-25T02:44:22Z" finished-at="2018-07-25T02:44:39Z">
      <class name="com.imaginea.selenium.mavenproject.TC_01">
        <test-method status="PASS" signature="beforeMethod()[pri:0, instance:com.imaginea.selenium.mavenproject.TC_01@1df28bb]" name="beforeMethod" is-config="true" duration-ms="16101" started-at="2018-07-25T08:14:22Z" finished-at="2018-07-25T08:14:38Z">
          <reporter-output>
          </reporter-output>
        </test-method> <!-- beforeMethod -->
        <test-method status="PASS" signature="f()[pri:0, instance:com.imaginea.selenium.mavenproject.TC_01@1df28bb]" name="f" duration-ms="166" started-at="2018-07-25T08:14:38Z" finished-at="2018-07-25T08:14:38Z">
          <reporter-output>
          </reporter-output>
        </test-method> <!-- f -->
        <test-method status="PASS" signature="afterMethod()[pri:0, instance:com.imaginea.selenium.mavenproject.TC_01@1df28bb]" name="afterMethod" is-config="true" duration-ms="689" started-at="2018-07-25T08:14:38Z" finished-at="2018-07-25T08:14:39Z">
          <reporter-output>
          </reporter-output>
        </test-method> <!-- afterMethod -->
      </class> <!-- com.imaginea.selenium.mavenproject.TC_01 -->
    </test> <!-- Test -->
  </suite> <!-- Suite -->
</testng-results>
